failed 31000000 - 30982344 = 17656

1
it took for query 29.958192586898804 seconds.
it took for firehose_bulk 310.2404954433441 seconds.
total time for 1 is 340.1986880302429

1000001
it took for query 25.416289567947388 seconds.
it took for firehose_bulk 323.0306541919708 seconds.
total time for 1000001 is 348.4469437599182

2000001
it took for query 24.728628396987915 seconds.
it took for firehose_bulk 308.93777680397034 seconds.
total time for 2000001 is 333.66640520095825

3000001
it took for query 25.464622497558594 seconds.
it took for firehose_bulk 292.043114900589 seconds.
total time for 3000001 is 317.5077373981476

4000001
it took for query 25.837099313735962 seconds.
it took for firehose_bulk 304.3955018520355 seconds.
total time for 4000001 is 330.2326011657715

5000001
it took for query 25.69958186149597 seconds.
it took for firehose_bulk 303.42774415016174 seconds.
total time for 5000001 is 329.1273260116577

6000001
it took for query 32.756590604782104 seconds.
    it took for firehose_bulk 307.4063823223114 seconds.
total time for 6000001 is 340.1629729270935

7000001
it took for query 32.72200083732605 seconds.
it took for firehose_bulk 308.55673694610596 seconds.
total time for 7000001 is 341.278737783432

8000001
it took for query 27.05103325843811 seconds.
it took for firehose_bulk 323.8379912376404 seconds.
total time for 8000001 is 350.8890244960785

9000001
it took for query 26.126092433929443 seconds.
it took for firehose_bulk 318.4999895095825 seconds.
total time for 9000001 is 344.62608194351196

10000001
it took for query 25.04893445968628 seconds.
it took for firehose_bulk 318.5979869365692 seconds.
total time for 10000001 is 343.6469213962555

11000001
it took for query 26.30640459060669 seconds.
 it took for firehose_bulk 314.65583205223083 seconds.
total time for 11000001 is 340.9622366428375

12000001
it took for query 27.878045797348022 seconds.
it took for firehose_bulk 337.41640186309814 seconds.
total time for 12000001 is 365.29444766044617

13000001
it took for query 26.53164505958557 seconds.
it took for firehose_bulk 306.84132862091064 seconds.
total time for 13000001 is 333.3729736804962

14000001
it took for query 27.793330192565918 seconds.
it took for firehose_bulk 302.2895669937134 seconds.
total time for 14000001 is 330.0828971862793

15000001
it took for query 28.63012409210205 seconds.
it took for firehose_bulk 315.4545555114746 seconds.
total time for 15000001 is 344.08467960357666

16000001
it took for query 28.871853351593018 seconds.
it took for firehose_bulk 329.4793064594269 seconds.
total time for 16000001 is 358.3511598110199

17000001
it took for query 28.236805200576782 seconds.
it took for firehose_bulk 342.2998483181 seconds.
total time for 17000001 is 370.53665351867676

18000001
it took for query 27.852800369262695 seconds.
it took for firehose_bulk 347.5587737560272 seconds.
total time for 18000001 is 375.4115741252899

19000001
it took for query 36.51625609397888 seconds.
it took for firehose_bulk 347.6828589439392 seconds.
total time for 19000001 is 384.1991150379181

20000001
it took for query 35.3826379776001 seconds.
it took for firehose_bulk 338.4993896484375 seconds.
total time for 20000001 is 373.8820276260376

21000001
it took for query 37.477500438690186 seconds.
it took for firehose_bulk 361.96980810165405 seconds.
total time for 21000001 is 399.44730854034424

22000001
it took for query 36.0908043384552 seconds.
it took for firehose_bulk 323.550395488739 seconds.
total time for 22000001 is 359.6411998271942

23000001
it took for query 28.668803453445435 seconds.
it took for firehose_bulk 333.1198904514313 seconds.
total time for 23000001 is 361.7886939048767

24000001
it took for query 16.093528747558594 seconds.
it took for firehose_bulk 321.34808468818665 seconds.
total time for 24000001 is 337.44161343574524

25000001
it took for query 16.839924573898315 seconds.
it took for firehose_bulk 334.3785572052002 seconds.
total time for 25000001 is 351.2184817790985

26000001
it took for query 16.229702472686768 seconds.
it took for firehose_bulk 346.54238653182983 seconds.
total time for 26000001 is 362.7720890045166

27000001
it took for query 15.900136470794678 seconds.
it took for firehose_bulk 328.5081961154938 seconds.
total time for 27000001 is 344.40833258628845

28000001
it took for query 21.05682635307312 seconds.
it took for firehose_bulk 312.63196992874146 seconds.
total time for 28000001 is 333.6887962818146

29000001
it took for query 15.728166341781616 seconds.
it took for firehose_bulk 322.6732442378998 seconds.
total time for 29000001 is 338.4014105796814

30000001
it took for query 16.4708092212677 seconds.
it took for firehose_bulk 331.90673184394836 seconds.
total time for 30000001 is 348.37754106521606
